make.exe all --print-data-base --no-builtin-variables --no-builtin-rules --question
# GNU Make 3.81
# Copyright (C) 2006  Free Software Foundation, Inc.
# This is free software; see the source for copying conditions.
# There is NO warranty; not even for MERCHANTABILITY or FITNESS FOR A
# PARTICULAR PURPOSE.

# This program built for i386-pc-mingw32
 

# Make data base, printed on Sun Jul 10 15:04:27 2022

# Variables

# automatic
<D = $(patsubst %/,%,$(dir $<))
# automatic
?F = $(notdir $?)
# environment
WSLENV = WT_SESSION::WT_PROFILE_ID
# environment
ELECTRON_NO_ATTACH_CONSOLE = 1
# makefile
MAKEFLAGS = Rrqp
# automatic
?D = $(patsubst %/,%,$(dir $?))
# automatic
@D = $(patsubst %/,%,$(dir $@))
# environment
HOMEDRIVE = C:
# automatic
@F = $(notdir $@)
# automatic
^D = $(patsubst %/,%,$(dir $^))
# makefile
CURDIR := c:/Users/max/Projects/eclecticlly/web-stack
# default
SHELL := sh.exe
# environment
WINDIR = C:\Windows
# environment
VSCODE_NLS_CONFIG = {"locale":"en-gb","availableLanguages":{},"_languagePackSupport":true}
# environment
ONEDRIVE = C:\Users\max\OneDrive
# environment
PATHEXT = .COM;.EXE;.BAT;.CMD;.VBS;.VBE;.JS;.JSE;.WSF;.WSH;.MSC;.CPL
# makefile (from `makefile', line 1)
MAKEFILE_LIST :=  makefile
# environment
TMP = C:\Users\max\AppData\Local\Temp
# environment
VSCODE_AMD_ENTRYPOINT = vs/workbench/api/node/extensionHostProcess
# environment
PROGRAMW6432 = C:\Program Files
# environment
PROGRAMDATA = C:\ProgramData
# environment
VSCODE_CWD = C:\Users\max\Projects\eclecticlly\web-stack
# environment
GOPROXY = https://proxy.golang.org,direct
# environment
PATH = C:\Program Files\WindowsApps\Microsoft.PowerShell_7.2.5.0_x64__8wekyb3d8bbwe;C:\Windows\system32;C:\Windows;C:\Windows\System32\Wbem;C:\Windows\System32\WindowsPowerShell\v1.0\;C:\Windows\System32\OpenSSH\;C:\Program Files\Git\cmd;C:\Program Files\Go\bin;C:\Program Files\PostgreSQL\14\bin;C:\Program Files (x86)\GnuWin32\bin;C:\Users\max\AppData\Local\Microsoft\WindowsApps;C:\Users\max\AppData\Local\Programs\Microsoft VS Code\bin;C:\Users\max\go\bin;C:\Users\max\AppData\Local\Programs\oh-my-posh\bin
# environment
COMMONPROGRAMW6432 = C:\Program Files\Common Files
# environment
ZES_ENABLE_SYSMAN = 1
# environment
PROCESSOR_ARCHITECTURE = x86
# environment
USERPROFILE = C:\Users\max
# environment
ALLUSERSPROFILE = C:\ProgramData
# environment
GOPATH = C:\Users\max\go
# environment
LOGONSERVER = \\ECLECTICLLY
# environment
NUMBER_OF_PROCESSORS = 16
# environment
ELECTRON_RUN_AS_NODE = 1
# default
.FEATURES := target-specific order-only second-expansion else-if archives
# automatic
%F = $(notdir $%)
# environment
POSH_THEMES_PATH = C:\Users\max\AppData\Local\Programs\oh-my-posh\themes
# environment
CHROME_CRASHPAD_PIPE_NAME = \\.\pipe\crashpad_12140_ATZTQIKSTCVIJYRU
# environment
COMPUTERNAME = ECLECTICLLY
# environment
PROGRAMFILES = C:\Program Files (x86)
# environment
DRIVERDATA = C:\Windows\System32\Drivers\DriverData
# environment
ORIGINAL_XDG_CURRENT_DESKTOP = undefined
# environment
WT_SESSION = 6d2b539d-3a42-4bdd-9f4b-69565459bbf6
# environment
USERNAME = max
# environment
PUBLIC = C:\Users\Public
# environment
GOMODCACHE = C:\Users\max\go\pkg\mod
# environment
POWERLINE_COMMAND = oh-my-posh
# environment
VSCODE_CLI = 1
# environment
VSCODE_CODE_CACHE_PATH = C:\Users\max\AppData\Roaming\Code\CachedData\92d25e35d9bf1a6b16f7d0758f25d48ace11e5b9
# environment
APPLICATION_INSIGHTS_NO_DIAGNOSTIC_CHANNEL = 1
# environment
COMMONPROGRAMFILES = C:\Program Files (x86)\Common Files
# environment
CONDA_PROMPT_MODIFIER = False
# environment
ONEDRIVECONSUMER = C:\Users\max\OneDrive
# environment
VSCODE_HANDLES_UNCAUGHT_ERRORS = true
# environment
USERDOMAIN = ECLECTICLLY
# default
MAKE = $(MAKE_COMMAND)
# default
MAKECMDGOALS := all
# environment
POSH_THEME = C:\Users\max\AppData\Local\oh-my-posh\config.omp.json
# default
MAKE_VERSION := 3.81
# makefile
.DEFAULT_GOAL := dev
# environment
PROGRAMFILES(X86) = C:\Program Files (x86)
# automatic
%D = $(patsubst %/,%,$(dir $%))
# environment
LOCALAPPDATA = C:\Users\max\AppData\Local
# environment
PSMODULEPATH = C:\Users\max\Documents\PowerShell\Modules;C:\Program Files\PowerShell\Modules;c:\program files\windowsapps\microsoft.powershell_7.2.5.0_x64__8wekyb3d8bbwe\Modules;C:\Program Files\WindowsPowerShell\Modules;C:\Windows\system32\WindowsPowerShell\v1.0\Modules
# default
MAKE_COMMAND := make.exe
# environment
PROCESSOR_ARCHITEW6432 = AMD64
# default
.VARIABLES := 
# automatic
*F = $(notdir $*)
# environment
PROCESSOR_IDENTIFIER = Intel64 Family 6 Model 165 Stepping 5, GenuineIntel
# environment
OS = Windows_NT
# environment
VSCODE_IPC_HOOK = \\.\pipe\69524852b42312479196024e0d406288-1.69.0-main-sock
# environment
HOMEPATH = \Users\max
# environment
COMMONPROGRAMFILES(X86) = C:\Program Files (x86)\Common Files
# environment
PROMPT = $P$G
# environment
MFLAGS = -Rrqp
# automatic
*D = $(patsubst %/,%,$(dir $*))
# environment
SYSTEMROOT = C:\Windows
# automatic
+D = $(patsubst %/,%,$(dir $+))
# automatic
+F = $(notdir $+)
# environment
APPDATA = C:\Users\max\AppData\Roaming
# environment
POSH_GIT_ENABLED = False
# environment
TEMP = C:\Users\max\AppData\Local\Temp
# environment
WT_PROFILE_ID = {574e775e-4f2a-5b96-ac1e-a2962a402336}
# environment
COMSPEC = C:\Windows\system32\cmd.exe
# default
MAKEFILES := 
# automatic
<F = $(notdir $<)
# environment
LC_ALL = C
# automatic
^F = $(notdir $^)
# default
SUFFIXES := 
# environment
SYSTEMDRIVE = C:
# environment
PROCESSOR_REVISION = a505
# environment
MAKELEVEL := 0
# environment
LANG = C
# environment
PROCESSOR_LEVEL = 6
# environment
VSCODE_PID = 12140
# environment
USERDOMAIN_ROAMINGPROFILE = ECLECTICLLY
# variable set hash-table stats:
# Load=95/1024=9%, Rehash=0, Collisions=11/115=10%

# Pattern-specific Variable Values

# No pattern-specific variable values.

# Directories

# C:\Program Files\Go\bin (key C:/Program Files/Go/bin, mtime 1657289671): 4 files, no impossibilities.
# C:\Users\max\AppData\Local\Programs\oh-my-posh\bin (key C:/Users/max/AppData/Local/Programs/oh-my-posh/bin, mtime 1657292147): 3 files, no impossibilities.
# C:\Windows\System32\WindowsPowerShell\v1.0\ (key C:/Windows/System32/WindowsPowerShell/v1.0/, mtime 1657293213): 32 files, no impossibilities.
# C:\Windows\System32\Wbem (key C:/Windows/System32/Wbem, mtime 1657293213): 156 files, no impossibilities.
# . (key c:/Users/max/Projects/eclecticlly/web-stack, mtime 1657456860): 21 files, no impossibilities.
# C:\Users\max\AppData\Local\Microsoft\WindowsApps (key C:/Users/max/AppData/Local/Microsoft/WindowsApps, mtime 1657341174): 24 files, no impossibilities.
# C:\Users\max\go\bin (key C:/Users/max/go/bin, mtime 1657357715): 10 files, no impossibilities.
# C:\Windows\System32\OpenSSH\: could not be stat'd.
# C:\Windows (key C:/Windows, mtime 1657293211): 107 files, no impossibilities.
# C:\Program Files\PostgreSQL\14\bin (key C:/Program Files/PostgreSQL/14/bin, mtime 1657289952): 61 files, no impossibilities.
# C:\Program Files\WindowsApps\Microsoft.PowerShell_7.2.5.0_x64__8wekyb3d8bbwe: could not be stat'd.
# C:\Windows\system32 (key C:/Windows/system32, mtime 1657356808): 2811 files, no impossibilities.
# C:\Users\max\AppData\Local\Programs\Microsoft VS Code\bin (key C:/Users/max/AppData/Local/Programs/Microsoft VS Code/bin, mtime 1657288730): 4 files, no impossibilities.
# C:\Program Files\Git\cmd (key C:/Program Files/Git/cmd, mtime 1657289520): 8 files, no impossibilities.
# C:\Program Files (x86)\GnuWin32\bin (key C:/Program Files (x86)/GnuWin32 
/bin, mtime 1657345062): 6 files, no impossibilities.

# 3247 files, no impossibilities in 15 directories.

# Implicit Rules

# No implicit rules.

# Files

# Not a target:
all:
#  Command-line target.
#  Implicit rule search has been done.
#  File does not exist.
#  File has not been updated.
# variable set hash-table stats:
# Load=0/32=0%, Rehash=0, Collisions=0/0=0%

.PHONY: dev
#  Implicit rule search has not been done.
#  Modification time never checked.
#  File has not been updated.

# Not a target:
.DEFAULT:
#  Implicit rule search has not been done.
#  Modification time never checked.
#  File has not been updated.

# Not a target:
makefile:
#  Implicit rule search has been done.
#  Last modified 2022-07-10 14:40:58
#  File has been updated.
#  Successfully updated.
# variable set hash-table stats:
# Load=0/32=0%, Rehash=0, Collisions=0/0=0%

# Not a target:
.SUFFIXES:
#  Implicit rule search has not been done.
#  Modification time never checked.
#  File has not been updated.

dev:
#  Phony target (prerequisite of .PHONY).
#  Implicit rule search has not been done.
#  File does not exist.
#  File has not been updated.
#  commands to execute (from `makefile', line 3):
	start air && start tailwindcss -i ./tailwind.css -o ./static/css/styles.css --watch
	

# files hash-table stats:
# Load=6/1024=1%, Rehash=0, Collisions=0/18=0%
# VPATH Search Paths

# No `vpath' search paths.

# No general (`VPATH' variable) search path.

# # of strings in strcache: 1
# # of strcache buffers: 1
# strcache size: total = 4096 / max = 4096 / min = 4096 / avg = 4096
# strcache free: total = 4087 / max = 4087 / min = 4087 / avg = 4087

# Finished Make data base on Sun Jul 10 15:04:27 2022

 
make.exe: *** No rule to make target `all'.  Stop.

